<?xml version="1.0" ?>
<!DOCTYPE coverage SYSTEM "http://cobertura.sourceforge.net/xml/coverage-03.dtd">
<coverage branch-rate="0" branches-covered="0" branches-valid="0" complexity="0" line-rate="0.6667" lines-covered="2" lines-valid="3" timestamp="1583460111313">
    <packages>
        <package branch-rate="0" complexity="0" line-rate="0.6667" name="com.example.package">
            <classes>
                <class branch-rate="0" complexity="0" filename="ExampleClass.java" line-rate="0.6667" name="com.example.package.ExampleClass">
                    <methods>
                        <method name="main" signature="([Ljava/lang/String;)V" branch-rate="0" cyclomatic-complexity="1" line-rate="0.6667">
                            <lines>
                                <line hits="1" number="3"/>
                                <line hits="0" number="4"/>
                                <line hits="1" number="5"/>
                            </lines>
                        </method>
                    </methods>
                    <lines>
                        <line hits="1" number="3"/>
                        <line hits="0" number="4"/>
                        <line hits="1" number="5"/>
                    </lines>
                </class>
            </classes>
        </package>
    </packages>
</coverage>
